<?xml version="1.0" encoding="UTF-8"?>
<!-- Generated by org.testng.reporters.JUnitReportReporter -->
<testsuite skipped="0" hostname="qaplanet-PC" name="dependency.DependMethod" tests="3" failures="0" timestamp="16 Jul 2019 03:14:45 GMT" time="12.651" errors="0">
  <testcase name="LogOut" time="3.520" classname="dependency.DependMethod"/>
  <testcase name="ob" time="6.103" classname="dependency.DependMethod"/>
  <testcase name="logclick" time="3.028" classname="dependency.DependMethod"/>
</testsuite> <!-- dependency.DependMethod -->
