<?xml version="1.0" encoding="UTF-8"?>
<!-- Generated by org.testng.reporters.JUnitReportReporter -->
<testsuite skipped="0" hostname="qaplanet-PC" name="testng.Testg" tests="2" failures="0" timestamp="08 Aug 2019 06:11:23 GMT" time="23.389" errors="0">
  <testcase name="TC2" time="11.011" classname="testng.Testg"/>
  <testcase name="TC1" time="12.378" classname="testng.Testg"/>
</testsuite> <!-- testng.Testg -->
