<?xml version="1.0" encoding="UTF-8"?>
<!-- Generated by org.testng.reporters.JUnitReportReporter -->
<testsuite skipped="0" hostname="qaplanet-PC" name="testng.TestNGfw" tests="4" failures="0" timestamp="17 May 2019 13:26:52 GMT" time="61.532" errors="0">
  <testcase name="tc1" time="9.276" classname="testng.TestNGfw"/>
  <testcase name="tc2" time="19.794" classname="testng.TestNGfw"/>
  <testcase name="tc3" time="21.801" classname="testng.TestNGfw"/>
  <testcase name="tc5" time="10.661" classname="testng.TestNGfw"/>
</testsuite> <!-- testng.TestNGfw -->
