<?xml version="1.0" encoding="UTF-8"?>
<!-- Generated by org.testng.reporters.JUnitReportReporter -->
<testsuite skipped="0" hostname="qaplanet-PC" name="login.NewTest" tests="2" failures="0" timestamp="27 Dec 2018 06:49:26 GMT" time="22.222" errors="0">
  <testcase name="TC2_2" time="9.321" classname="login.NewTest"/>
  <testcase name="TC2_1" time="12.901" classname="login.NewTest"/>
</testsuite> <!-- login.NewTest -->
