<?xml version="1.0" encoding="UTF-8"?>
<!-- Generated by org.testng.reporters.JUnitReportReporter -->
<testsuite skipped="0" hostname="qaplanet-PC" name="testng.FW" tests="2" failures="0" timestamp="06 Nov 2019 03:26:10 GMT" time="22.992" errors="0">
  <testcase name="TC2_1" time="13.206" classname="testng.FW"/>
  <testcase name="TC2_1001" time="9.786" classname="testng.FW"/>
</testsuite> <!-- testng.FW -->
