<?xml version="1.0" encoding="UTF-8"?>
<!-- Generated by org.testng.reporters.JUnitReportReporter -->
<testsuite skipped="0" hostname="qaplanet-PC" name="testng.Login" tests="2" failures="0" timestamp="20 May 2019 12:30:11 GMT" time="24.547" errors="0">
  <testcase name="TC2_1" time="10.623" classname="testng.Login"/>
  <testcase name="tc2_2" time="13.924" classname="testng.Login"/>
</testsuite> <!-- testng.Login -->
