<?xml version="1.0" encoding="UTF-8"?>
<!-- Generated by org.testng.reporters.JUnitReportReporter -->
<testsuite skipped="0" hostname="qaplanet-PC" name="dependency.GrpsRun" tests="1" failures="0" timestamp="16 Jul 2019 14:08:25 GMT" time="10.727" errors="0">
  <testcase name="TC21" time="10.727" classname="dependency.GrpsRun"/>
</testsuite> <!-- dependency.GrpsRun -->
