<?xml version="1.0" encoding="UTF-8"?>
<!-- Generated by org.testng.reporters.JUnitReportReporter -->
<testsuite skipped="0" hostname="qaplanet-PC" name="testng.Example" tests="1" failures="0" timestamp="28 Feb 2019 04:32:54 GMT" time="14.032" errors="0">
  <testcase name="Tc1" time="14.032" classname="testng.Example"/>
</testsuite> <!-- testng.Example -->
