<?xml version="1.0" encoding="UTF-8"?>
<!-- Generated by org.testng.reporters.JUnitReportReporter -->
<testsuite skipped="0" hostname="qaplanet-PC" name="testng.Pr1" tests="1" failures="0" timestamp="31 Jan 2019 13:10:55 GMT" time="11.471" errors="0">
  <testcase name="f" time="11.471" classname="testng.Pr1"/>
</testsuite> <!-- testng.Pr1 -->
