<?xml version="1.0" encoding="UTF-8"?>
<!-- Generated by org.testng.reporters.JUnitReportReporter -->
<testsuite skipped="0" hostname="qaplanet-PC" name="dependency.Login" tests="5" failures="0" timestamp="15 Jul 2019 12:02:49 GMT" time="46.152" errors="0">
  <testcase name="testCase1" time="0.002" classname="dependency.Login"/>
  <testcase name="test1" time="16.361" classname="dependency.Login"/>
  <testcase name="testCase2" time="0.001" classname="dependency.Login"/>
  <testcase name="test2" time="15.035" classname="dependency.Login"/>
  <testcase name="test3" time="14.753" classname="dependency.Login"/>
</testsuite> <!-- dependency.Login -->
