<?xml version="1.0" encoding="UTF-8"?>
<!-- Generated by org.testng.reporters.JUnitReportReporter -->
<testsuite skipped="0" hostname="qaplanet-PC" name="Mpom" tests="1" failures="0" timestamp="06 Mar 2019 04:29:55 GMT" time="13.570" errors="0">
  <testcase name="tc1" time="13.570" classname="Mpom"/>
</testsuite> <!-- Mpom -->
