<?xml version="1.0" encoding="UTF-8"?>
<!-- Generated by org.testng.reporters.JUnitReportReporter -->
<testsuite skipped="0" hostname="qaplanet-PC" name="datadriven.Datadrv" tests="4" failures="0" timestamp="21 Nov 2019 06:34:45 GMT" time="38.023" errors="0">
  <testcase name="TC1" time="9.102" classname="datadriven.Datadrv"/>
  <testcase name="TC1" time="9.168" classname="datadriven.Datadrv"/>
  <testcase name="TC1" time="11.037" classname="datadriven.Datadrv"/>
  <testcase name="TC1" time="8.716" classname="datadriven.Datadrv"/>
</testsuite> <!-- datadriven.Datadrv -->
