<?xml version="1.0" encoding="UTF-8"?>
<!-- Generated by org.testng.reporters.JUnitReportReporter -->
<testsuite skipped="0" hostname="qaplanet-PC" name="testng.Exaample2" tests="1" failures="0" timestamp="28 Feb 2019 04:32:54 GMT" time="9.706" errors="0">
  <testcase name="f" time="9.706" classname="testng.Exaample2"/>
</testsuite> <!-- testng.Exaample2 -->
