<?xml version="1.0" encoding="UTF-8"?>
<!-- Generated by org.testng.reporters.JUnitReportReporter -->
<testsuite skipped="0" hostname="qaplanet-PC" name="sadarpom.Pomrun" tests="1" failures="0" timestamp="23 Nov 2019 06:14:20 GMT" time="21.150" errors="0">
  <testcase name="tc222" time="21.150" classname="sadarpom.Pomrun"/>
</testsuite> <!-- sadarpom.Pomrun -->
